[27-Jun-2016 07:49:53 UTC] PHP Parse error:  syntax error, unexpected 'header' (T_STRING) in /home/ubuntu/workspace/cyp05/Lab_Login/Lab_Login/login.php on line 5
[27-Jun-2016 07:50:31 UTC] PHP Parse error:  syntax error, unexpected 'header' (T_STRING) in /home/ubuntu/workspace/cyp05/Lab_Login/Lab_Login/login.php on line 5
[27-Jun-2016 07:50:33 UTC] PHP Parse error:  syntax error, unexpected 'header' (T_STRING) in /home/ubuntu/workspace/cyp05/Lab_Login/Lab_Login/login.php on line 5
[27-Jun-2016 07:51:22 UTC] PHP Parse error:  syntax error, unexpected 'header' (T_STRING) in /home/ubuntu/workspace/cyp05/Lab_Login/Lab_Login/login.php on line 5
[27-Jun-2016 07:51:49 UTC] PHP Parse error:  syntax error, unexpected 'header' (T_STRING) in /home/ubuntu/workspace/cyp05/Lab_Login/Lab_Login/login.php on line 5
[27-Jun-2016 07:51:49 UTC] PHP Parse error:  syntax error, unexpected 'header' (T_STRING) in /home/ubuntu/workspace/cyp05/Lab_Login/Lab_Login/login.php on line 5
[27-Jun-2016 07:51:51 UTC] PHP Parse error:  syntax error, unexpected 'header' (T_STRING) in /home/ubuntu/workspace/cyp05/Lab_Login/Lab_Login/login.php on line 5
[27-Jun-2016 07:52:38 UTC] PHP Parse error:  syntax error, unexpected 'header' (T_STRING) in /home/ubuntu/workspace/cyp05/Lab_Login/Lab_Login/login.php on line 5
[27-Jun-2016 07:53:25 UTC] PHP Parse error:  syntax error, unexpected '}' in /home/ubuntu/workspace/cyp05/Lab_Login/Lab_Login/login.php on line 6
[27-Jun-2016 08:00:40 UTC] PHP Parse error:  syntax error, unexpected 'if' (T_IF) in /home/ubuntu/workspace/cyp05/Lab_Login/Lab_Login.1/login.php on line 3
[27-Jun-2016 08:03:06 UTC] PHP Fatal error:  Function name must be a string in /home/ubuntu/workspace/cyp05/Lab_Login/Lab_Login.1/login.php on line 2
[27-Jun-2016 08:03:06 UTC] PHP Stack trace:
[27-Jun-2016 08:03:06 UTC] PHP   1. {main}() /home/ubuntu/workspace/cyp05/Lab_Login/Lab_Login.1/login.php:0
[27-Jun-2016 08:03:28 UTC] PHP Fatal error:  Function name must be a string in /home/ubuntu/workspace/cyp05/Lab_Login/Lab_Login.1/login.php on line 2
[27-Jun-2016 08:03:28 UTC] PHP Stack trace:
[27-Jun-2016 08:03:28 UTC] PHP   1. {main}() /home/ubuntu/workspace/cyp05/Lab_Login/Lab_Login.1/login.php:0
[27-Jun-2016 08:03:29 UTC] PHP Fatal error:  Function name must be a string in /home/ubuntu/workspace/cyp05/Lab_Login/Lab_Login.1/login.php on line 2
[27-Jun-2016 08:03:29 UTC] PHP Stack trace:
[27-Jun-2016 08:03:29 UTC] PHP   1. {main}() /home/ubuntu/workspace/cyp05/Lab_Login/Lab_Login.1/login.php:0
[27-Jun-2016 08:03:31 UTC] PHP Fatal error:  Function name must be a string in /home/ubuntu/workspace/cyp05/Lab_Login/Lab_Login.1/login.php on line 2
[27-Jun-2016 08:03:31 UTC] PHP Stack trace:
[27-Jun-2016 08:03:31 UTC] PHP   1. {main}() /home/ubuntu/workspace/cyp05/Lab_Login/Lab_Login.1/login.php:0
[27-Jun-2016 08:06:06 UTC] PHP Fatal error:  Function name must be a string in /home/ubuntu/workspace/cyp05/Lab_Login/Lab_Login.1/login.php on line 2
[27-Jun-2016 08:06:06 UTC] PHP Stack trace:
[27-Jun-2016 08:06:06 UTC] PHP   1. {main}() /home/ubuntu/workspace/cyp05/Lab_Login/Lab_Login.1/login.php:0
[27-Jun-2016 08:37:30 UTC] PHP Warning:  Cookie names cannot contain any of the following '=,; \t\r\n\013\014' in /home/ubuntu/workspace/cyp05/Lab_Login/Lab_Login/secret.php on line 3
[27-Jun-2016 08:37:30 UTC] PHP Stack trace:
[27-Jun-2016 08:37:30 UTC] PHP   1. {main}() /home/ubuntu/workspace/cyp05/Lab_Login/Lab_Login/secret.php:0
[27-Jun-2016 08:37:30 UTC] PHP   2. setcookie() /home/ubuntu/workspace/cyp05/Lab_Login/Lab_Login/secret.php:3
[27-Jun-2016 08:38:49 UTC] PHP Warning:  Cookie names cannot contain any of the following '=,; \t\r\n\013\014' in /home/ubuntu/workspace/cyp05/Lab_Login/Lab_Login/secret.php on line 3
[27-Jun-2016 08:38:49 UTC] PHP Stack trace:
[27-Jun-2016 08:38:49 UTC] PHP   1. {main}() /home/ubuntu/workspace/cyp05/Lab_Login/Lab_Login/secret.php:0
[27-Jun-2016 08:38:49 UTC] PHP   2. setcookie() /home/ubuntu/workspace/cyp05/Lab_Login/Lab_Login/secret.php:3
[27-Jun-2016 08:40:39 UTC] PHP Warning:  Cookie names cannot contain any of the following '=,; \t\r\n\013\014' in /home/ubuntu/workspace/cyp05/Lab_Login/Lab_Login/secret.php on line 3
[27-Jun-2016 08:40:39 UTC] PHP Stack trace:
[27-Jun-2016 08:40:39 UTC] PHP   1. {main}() /home/ubuntu/workspace/cyp05/Lab_Login/Lab_Login/secret.php:0
[27-Jun-2016 08:40:39 UTC] PHP   2. setcookie() /home/ubuntu/workspace/cyp05/Lab_Login/Lab_Login/secret.php:3
[27-Jun-2016 09:03:04 UTC] PHP Fatal error:  Cannot use isset() on the result of an expression (you can use "null !== expression" instead) in /home/ubuntu/workspace/cyp05/Lab_Login/Lab_Login/index.php on line 3
[27-Jun-2016 09:29:04 UTC] PHP Parse error:  syntax error, unexpected ')', expecting ']' in /home/ubuntu/workspace/cyp05/Lab_Login/Lab_Login.1/index.php on line 4
[27-Jun-2016 09:29:24 UTC] PHP Parse error:  syntax error, unexpected ')', expecting ']' in /home/ubuntu/workspace/cyp05/Lab_Login/Lab_Login.1/index.php on line 4
[28-Jun-2016 01:08:52 UTC] PHP Parse error:  syntax error, unexpected '$_POST' (T_VARIABLE), expecting '(' in /home/ubuntu/workspace/cyp05/Lab_Login/Lab_Login.1/login.php on line 5
[28-Jun-2016 05:46:14 UTC] PHP Parse error:  syntax error, unexpected 'login' (T_STRING) in /home/ubuntu/workspace/cyp05/Lab_Login/Lab_Login.1/index.php on line 5
[28-Jun-2016 05:46:36 UTC] PHP Parse error:  syntax error, unexpected '<' in /home/ubuntu/workspace/cyp05/Lab_Login/Lab_Login.1/index.php on line 5
[28-Jun-2016 05:46:37 UTC] PHP Parse error:  syntax error, unexpected '<' in /home/ubuntu/workspace/cyp05/Lab_Login/Lab_Login.1/index.php on line 5
[28-Jun-2016 05:53:48 UTC] PHP Warning:  log() expects parameter 1 to be double, string given in /home/ubuntu/workspace/cyp05/Lab_Login/Lab_Login.1/login.php on line 11
[28-Jun-2016 05:53:48 UTC] PHP Stack trace:
[28-Jun-2016 05:53:48 UTC] PHP   1. {main}() /home/ubuntu/workspace/cyp05/Lab_Login/Lab_Login.1/login.php:0
[28-Jun-2016 05:53:48 UTC] PHP   2. log() /home/ubuntu/workspace/cyp05/Lab_Login/Lab_Login.1/login.php:11
[28-Jun-2016 05:55:44 UTC] PHP Parse error:  syntax error, unexpected '=' in /home/ubuntu/workspace/cyp05/Lab_Login/Lab_Login.1/index.php on line 11
[28-Jun-2016 05:55:54 UTC] PHP Parse error:  syntax error, unexpected '=' in /home/ubuntu/workspace/cyp05/Lab_Login/Lab_Login.1/index.php on line 11
[28-Jun-2016 05:55:55 UTC] PHP Parse error:  syntax error, unexpected '=' in /home/ubuntu/workspace/cyp05/Lab_Login/Lab_Login.1/index.php on line 11
[28-Jun-2016 06:02:29 UTC] PHP Warning:  log() expects parameter 1 to be double, string given in /home/ubuntu/workspace/cyp05/Lab_Login/Lab_Login.1/login.php on line 14
[28-Jun-2016 06:02:29 UTC] PHP Stack trace:
[28-Jun-2016 06:02:29 UTC] PHP   1. {main}() /home/ubuntu/workspace/cyp05/Lab_Login/Lab_Login.1/login.php:0
[28-Jun-2016 06:02:29 UTC] PHP   2. log() /home/ubuntu/workspace/cyp05/Lab_Login/Lab_Login.1/login.php:14
[28-Jun-2016 06:02:34 UTC] PHP Warning:  log() expects parameter 1 to be double, string given in /home/ubuntu/workspace/cyp05/Lab_Login/Lab_Login.1/login.php on line 14
[28-Jun-2016 06:02:34 UTC] PHP Stack trace:
[28-Jun-2016 06:02:34 UTC] PHP   1. {main}() /home/ubuntu/workspace/cyp05/Lab_Login/Lab_Login.1/login.php:0
[28-Jun-2016 06:02:34 UTC] PHP   2. log() /home/ubuntu/workspace/cyp05/Lab_Login/Lab_Login.1/login.php:14
[28-Jun-2016 06:05:20 UTC] PHP Parse error:  syntax error, unexpected '"請輸入帳號!!!"' (T_CONSTANT_ENCAPSED_STRING) in /home/ubuntu/workspace/cyp05/Lab_Login/Lab_Login.1/login.php on line 12
[28-Jun-2016 06:20:30 UTC] PHP Parse error:  syntax error, unexpected '}' in /home/ubuntu/workspace/cyp05/Lab_Login/Lab_Login.1/login.php on line 6
[28-Jun-2016 06:45:56 UTC] PHP Parse error:  syntax error, unexpected 'red' (T_STRING) in /home/ubuntu/workspace/cyp05/Lab_Login/Lab_Login.1/login.php on line 13
